2026-04-21 21:42:11,705 | ERROR | calculator failed
Traceback (most recent call last):
  File "/Users/matthewberkis/VisualStudioCode/calc/math_logic.py", line 183, in calculator
    result = safe_eval_expr(expr)
  File "/Users/matthewberkis/VisualStudioCode/calc/math_logic.py", line 78, in safe_eval_expr
    tree = ast.parse(expr, mode="eval")
  File "/opt/homebrew/Cellar/python@3.14/3.14.4/Frameworks/Python.framework/Versions/3.14/lib/python3.14/ast.py", line 46, in parse
    return compile(source, filename, mode, flags,
                   _feature_version=feature_version, optimize=optimize)
  File "<unknown>", line 1
    2 plus 2
      ^^^^
SyntaxError: invalid syntax
2026-04-21 21:53:22,474 | ERROR | calculator failed
Traceback (most recent call last):
  File "/Users/matthewberkis/VisualStudioCode/calc/math_logic.py", line 190, in calculator
    result = safe_eval_expr(expr)
  File "/Users/matthewberkis/VisualStudioCode/calc/math_logic.py", line 87, in safe_eval_expr
    tree = ast.parse(expr, mode="eval")
  File "/opt/homebrew/Cellar/python@3.14/3.14.4/Frameworks/Python.framework/Versions/3.14/lib/python3.14/ast.py", line 46, in parse
    return compile(source, filename, mode, flags,
                   _feature_version=feature_version, optimize=optimize)
  File "<unknown>", line 1
    add 3 + 3
        ^
SyntaxError: invalid syntax
2026-04-21 21:53:37,437 | ERROR | calculator failed
Traceback (most recent call last):
  File "/Users/matthewberkis/VisualStudioCode/calc/math_logic.py", line 190, in calculator
    result = safe_eval_expr(expr)
  File "/Users/matthewberkis/VisualStudioCode/calc/math_logic.py", line 87, in safe_eval_expr
    tree = ast.parse(expr, mode="eval")
  File "/opt/homebrew/Cellar/python@3.14/3.14.4/Frameworks/Python.framework/Versions/3.14/lib/python3.14/ast.py", line 46, in parse
    return compile(source, filename, mode, flags,
                   _feature_version=feature_version, optimize=optimize)
  File "<unknown>", line 1
    add 3 to 3
        ^
SyntaxError: invalid syntax
2026-04-21 21:56:15,130 | ERROR | calculator failed
Traceback (most recent call last):
  File "/Users/matthewberkis/VisualStudioCode/calc/math_logic.py", line 190, in calculator
    result = safe_eval_expr(expr)
  File "/Users/matthewberkis/VisualStudioCode/calc/math_logic.py", line 87, in safe_eval_expr
    tree = ast.parse(expr, mode="eval")
  File "/opt/homebrew/Cellar/python@3.14/3.14.4/Frameworks/Python.framework/Versions/3.14/lib/python3.14/ast.py", line 46, in parse
    return compile(source, filename, mode, flags,
                   _feature_version=feature_version, optimize=optimize)
  File "<unknown>", line 1
    is my dad a jerk
    ^^
SyntaxError: invalid syntax
2026-04-23 07:40:57,704 | ERROR | calculator failed
Traceback (most recent call last):
  File "/Users/matthewberkis/VisualStudioCode/calc/math_logic.py", line 190, in calculator
    result = safe_eval_expr(expr)
  File "/Users/matthewberkis/VisualStudioCode/calc/math_logic.py", line 87, in safe_eval_expr
    tree = ast.parse(expr, mode="eval")
  File "/opt/homebrew/Cellar/python@3.14/3.14.4/Frameworks/Python.framework/Versions/3.14/lib/python3.14/ast.py", line 46, in parse
    return compile(source, filename, mode, flags,
                   _feature_version=feature_version, optimize=optimize)
  File "<unknown>", line 1
    my father is jackass'
                        ^
SyntaxError: unterminated string literal (detected at line 1)
2026-04-23 07:46:03,547 | ERROR | calculator failed
Traceback (most recent call last):
  File "/Users/matthewberkis/VisualStudioCode/calc/math_logic.py", line 190, in calculator
    result = safe_eval_expr(expr)
  File "/Users/matthewberkis/VisualStudioCode/calc/math_logic.py", line 87, in safe_eval_expr
    tree = ast.parse(expr, mode="eval")
  File "/opt/homebrew/Cellar/python@3.14/3.14.4/Frameworks/Python.framework/Versions/3.14/lib/python3.14/ast.py", line 46, in parse
    return compile(source, filename, mode, flags,
                   _feature_version=feature_version, optimize=optimize)
  File "<unknown>", line 1
    345 divided 4
        ^^^^^^^
SyntaxError: invalid syntax
2026-04-23 07:48:03,253 | ERROR | calculator failed
Traceback (most recent call last):
  File "/Users/matthewberkis/VisualStudioCode/calc/math_logic.py", line 190, in calculator
    result = safe_eval_expr(expr)
  File "/Users/matthewberkis/VisualStudioCode/calc/math_logic.py", line 87, in safe_eval_expr
    tree = ast.parse(expr, mode="eval")
  File "/opt/homebrew/Cellar/python@3.14/3.14.4/Frameworks/Python.framework/Versions/3.14/lib/python3.14/ast.py", line 46, in parse
    return compile(source, filename, mode, flags,
                   _feature_version=feature_version, optimize=optimize)
  File "<unknown>", line 1
    345 divided 4
        ^^^^^^^
SyntaxError: invalid syntax
2026-04-23 07:48:45,052 | ERROR | calculator failed
Traceback (most recent call last):
  File "/Users/matthewberkis/VisualStudioCode/calc/math_logic.py", line 190, in calculator
    result = safe_eval_expr(expr)
  File "/Users/matthewberkis/VisualStudioCode/calc/math_logic.py", line 87, in safe_eval_expr
    tree = ast.parse(expr, mode="eval")
  File "/opt/homebrew/Cellar/python@3.14/3.14.4/Frameworks/Python.framework/Versions/3.14/lib/python3.14/ast.py", line 46, in parse
    return compile(source, filename, mode, flags,
                   _feature_version=feature_version, optimize=optimize)
  File "<unknown>", line 1
    345 divided 4
        ^^^^^^^
SyntaxError: invalid syntax
2026-04-23 07:48:52,594 | ERROR | calculator failed
Traceback (most recent call last):
  File "/Users/matthewberkis/VisualStudioCode/calc/math_logic.py", line 190, in calculator
    result = safe_eval_expr(expr)
  File "/Users/matthewberkis/VisualStudioCode/calc/math_logic.py", line 87, in safe_eval_expr
    tree = ast.parse(expr, mode="eval")
  File "/opt/homebrew/Cellar/python@3.14/3.14.4/Frameworks/Python.framework/Versions/3.14/lib/python3.14/ast.py", line 46, in parse
    return compile(source, filename, mode, flags,
                   _feature_version=feature_version, optimize=optimize)
  File "<unknown>", line 1
    24 divided 3
       ^^^^^^^
SyntaxError: invalid syntax
2026-04-23 07:49:44,622 | ERROR | calculator failed
Traceback (most recent call last):
  File "/Users/matthewberkis/VisualStudioCode/calc/math_logic.py", line 190, in calculator
    result = safe_eval_expr(expr)
  File "/Users/matthewberkis/VisualStudioCode/calc/math_logic.py", line 87, in safe_eval_expr
    tree = ast.parse(expr, mode="eval")
  File "/opt/homebrew/Cellar/python@3.14/3.14.4/Frameworks/Python.framework/Versions/3.14/lib/python3.14/ast.py", line 46, in parse
    return compile(source, filename, mode, flags,
                   _feature_version=feature_version, optimize=optimize)
  File "<unknown>", line 1
    3 divided 3
      ^^^^^^^
SyntaxError: invalid syntax
2026-04-23 07:51:08,039 | ERROR | calculator failed
Traceback (most recent call last):
  File "/Users/matthewberkis/VisualStudioCode/calc/math_logic.py", line 190, in calculator
    result = safe_eval_expr(expr)
  File "/Users/matthewberkis/VisualStudioCode/calc/math_logic.py", line 87, in safe_eval_expr
    tree = ast.parse(expr, mode="eval")
  File "/opt/homebrew/Cellar/python@3.14/3.14.4/Frameworks/Python.framework/Versions/3.14/lib/python3.14/ast.py", line 46, in parse
    return compile(source, filename, mode, flags,
                   _feature_version=feature_version, optimize=optimize)
  File "<unknown>", line 1
    400 divided 2
        ^^^^^^^
SyntaxError: invalid syntax
2026-04-23 07:51:21,576 | ERROR | calculator failed
Traceback (most recent call last):
  File "/Users/matthewberkis/VisualStudioCode/calc/math_logic.py", line 190, in calculator
    result = safe_eval_expr(expr)
  File "/Users/matthewberkis/VisualStudioCode/calc/math_logic.py", line 87, in safe_eval_expr
    tree = ast.parse(expr, mode="eval")
  File "/opt/homebrew/Cellar/python@3.14/3.14.4/Frameworks/Python.framework/Versions/3.14/lib/python3.14/ast.py", line 46, in parse
    return compile(source, filename, mode, flags,
                   _feature_version=feature_version, optimize=optimize)
  File "<unknown>", line 1
    400 divided 2
        ^^^^^^^
SyntaxError: invalid syntax
2026-04-23 07:51:41,187 | ERROR | calculator failed
Traceback (most recent call last):
  File "/Users/matthewberkis/VisualStudioCode/calc/math_logic.py", line 190, in calculator
    result = safe_eval_expr(expr)
  File "/Users/matthewberkis/VisualStudioCode/calc/math_logic.py", line 87, in safe_eval_expr
    tree = ast.parse(expr, mode="eval")
  File "/opt/homebrew/Cellar/python@3.14/3.14.4/Frameworks/Python.framework/Versions/3.14/lib/python3.14/ast.py", line 46, in parse
    return compile(source, filename, mode, flags,
                   _feature_version=feature_version, optimize=optimize)
  File "<unknown>", line 1
    divided 2
            ^
SyntaxError: invalid syntax
2026-04-23 08:00:37,944 | ERROR | calculator failed
Traceback (most recent call last):
  File "/Users/matthewberkis/VisualStudioCode/calc/math_logic.py", line 194, in calculator
    result = safe_eval_expr(expr)
  File "/Users/matthewberkis/VisualStudioCode/calc/math_logic.py", line 89, in safe_eval_expr
    tree = ast.parse(expr, mode="eval")
  File "/opt/homebrew/Cellar/python@3.14/3.14.4/Frameworks/Python.framework/Versions/3.14/lib/python3.14/ast.py", line 46, in parse
    return compile(source, filename, mode, flags,
                   _feature_version=feature_version, optimize=optimize)
  File "<unknown>", line 1
    545 div 4
        ^^^
SyntaxError: invalid syntax
2026-04-23 08:15:36,405 | ERROR | calculator failed
Traceback (most recent call last):
  File "/Users/matthewberkis/VisualStudioCode/calc/math_logic.py", line 194, in calculator
    result = safe_eval_expr(expr)
  File "/Users/matthewberkis/VisualStudioCode/calc/math_logic.py", line 89, in safe_eval_expr
    tree = ast.parse(expr, mode="eval")
  File "/opt/homebrew/Cellar/python@3.14/3.14.4/Frameworks/Python.framework/Versions/3.14/lib/python3.14/ast.py", line 46, in parse
    return compile(source, filename, mode, flags,
                   _feature_version=feature_version, optimize=optimize)
  File "<unknown>", line 1
    6 45 / 4
      ^^
SyntaxError: invalid syntax
2026-04-23 08:19:18,547 | ERROR | calculator failed
Traceback (most recent call last):
  File "/Users/matthewberkis/VisualStudioCode/calc/math_logic.py", line 194, in calculator
    result = safe_eval_expr(expr)
  File "/Users/matthewberkis/VisualStudioCode/calc/math_logic.py", line 89, in safe_eval_expr
    tree = ast.parse(expr, mode="eval")
  File "/opt/homebrew/Cellar/python@3.14/3.14.4/Frameworks/Python.framework/Versions/3.14/lib/python3.14/ast.py", line 46, in parse
    return compile(source, filename, mode, flags,
                   _feature_version=feature_version, optimize=optimize)
  File "<unknown>", line 1
    i want to use division
      ^^^^
SyntaxError: invalid syntax
2026-04-23 08:45:33,884 | ERROR | calculator failed
Traceback (most recent call last):
  File "/Users/matthewberkis/VisualStudioCode/calc/math_logic.py", line 194, in calculator
    result = safe_eval_expr(expr)
  File "/Users/matthewberkis/VisualStudioCode/calc/math_logic.py", line 89, in safe_eval_expr
    tree = ast.parse(expr, mode="eval")
  File "/opt/homebrew/Cellar/python@3.14/3.14.4/Frameworks/Python.framework/Versions/3.14/lib/python3.14/ast.py", line 46, in parse
    return compile(source, filename, mode, flags,
                   _feature_version=feature_version, optimize=optimize)
  File "<unknown>", line 1
    2 45 / 4
      ^^
SyntaxError: invalid syntax
2026-04-23 11:08:28,643 | ERROR | calculator failed
Traceback (most recent call last):
  File "/Users/matthewberkis/VisualStudioCode/calc/math_logic.py", line 194, in calculator
    result = safe_eval_expr(expr)
  File "/Users/matthewberkis/VisualStudioCode/calc/math_logic.py", line 89, in safe_eval_expr
    tree = ast.parse(expr, mode="eval")
  File "/opt/homebrew/Cellar/python@3.14/3.14.4/Frameworks/Python.framework/Versions/3.14/lib/python3.14/ast.py", line 46, in parse
    return compile(source, filename, mode, flags,
                   _feature_version=feature_version, optimize=optimize)
  File "<unknown>", line 1
    +
SyntaxError: invalid syntax
2026-04-23 14:13:33,827 | ERROR | calculator failed
Traceback (most recent call last):
  File "/Users/matthewberkis/VisualStudioCode/calc/math_logic.py", line 194, in calculator
    result = safe_eval_expr(expr)
  File "/Users/matthewberkis/VisualStudioCode/calc/math_logic.py", line 89, in safe_eval_expr
    tree = ast.parse(expr, mode="eval")
  File "/opt/homebrew/Cellar/python@3.14/3.14.4/Frameworks/Python.framework/Versions/3.14/lib/python3.14/ast.py", line 46, in parse
    return compile(source, filename, mode, flags,
                   _feature_version=feature_version, optimize=optimize)
  File "<unknown>", line 1
    4 time 3
      ^^^^
SyntaxError: invalid syntax
